<?xml version="1.0" encoding="UTF-8"?>
<!-- Generated by org.testng.reporters.JUnitXMLReporter -->
<testsuite ignored="4" hostname="Apples-MacBook-Pro.local" failures="0" tests="2" name="Pixel_6_Pro" time="32.226" errors="0" timestamp="2024-11-07T16:06:32 IST">
  <testcase classname="com.qa.tests.SettingsTests" name="@BeforeMethod beforeMethod" time="0.182">
    <failure type="java.lang.NullPointerException">
      <![CDATA[java.lang.NullPointerException
at com.qa.tests.SettingsTests.beforeMethod(SettingsTests.java:27)
at java.base/java.util.ArrayList.forEach(ArrayList.java:1541)
... Removed 31 stack frames]]>
    </failure>
  </testcase> <!-- @BeforeMethod beforeMethod -->
  <testcase classname="com.qa.tests.SettingsTests" name="@AfterMethod afterMethod" time="0.0">
    <skipped/>
  </testcase> <!-- @AfterMethod afterMethod -->
  <testcase classname="com.qa.base.Basetest" name="@AfterMethod afterMethod" time="0.0">
    <skipped/>
  </testcase> <!-- @AfterMethod afterMethod -->
  <testcase classname="com.qa.tests.LoginTests" name="successfulLogin" time="21.355"/>
  <testcase classname="com.qa.tests.SettingsTests" name="logoutApplication" time="0.0">
    <skipped/>
  </testcase> <!-- logoutApplication -->
  <testcase classname="com.qa.base.Basetest" name="@AfterTest afterTest" time="0.0">
    <ignored/>
  </testcase> <!-- @AfterTest afterTest -->
  <testcase classname="com.qa.base.Basetest" name="@BeforeSuite beforeSuite" time="0.0">
    <ignored/>
  </testcase> <!-- @BeforeSuite beforeSuite -->
  <testcase classname="com.qa.base.Basetest" name="@AfterSuite afterSuite" time="0.0">
    <ignored/>
  </testcase> <!-- @AfterSuite afterSuite -->
  <testcase classname="com.qa.base.Basetest" name="@BeforeTest beforeTest" time="0.0">
    <ignored/>
  </testcase> <!-- @BeforeTest beforeTest -->
</testsuite> <!-- Pixel_6_Pro -->
